# project  configured on Wed Nov 23 18:20:20 2022 by
# waf 1.7.11 (abi 98, python 20711f0 on linux2)
# using /home/pebble/.pebble-sdk/SDKs/current/sdk-core/pebble/waf configure
#
----------------------------------------
Setting top to
/home/pebble/pebble-projects/time-twist-pop/time-twist-pop
----------------------------------------
Setting out to
/home/pebble/pebble-projects/time-twist-pop/time-twist-pop/build
----------------------------------------
Checking for program webpack
/home/pebble/.pebble-sdk/SDKs/current/node_modules/.bin/webpack
find program=['webpack'] paths=['/home/pebble/.pebble-sdk/SDKs/current/node_modules/.bin'] var='WEBPACK' -> '/home/pebble/.pebble-sdk/SDKs/current/node_modules/.bin/webpack'
----------------------------------------
Found Pebble SDK for chalk in:
/home/pebble/.pebble-sdk/SDKs/current/sdk-core/pebble/chalk
----------------------------------------
Checking for program gcc,cc
arm-none-eabi-gcc
find program=['gcc', 'cc'] paths='' var='CC' -> 'arm-none-eabi-gcc'
----------------------------------------
Checking for program ar
arm-none-eabi-ar
find program=['ar'] paths='' var='AR' -> 'arm-none-eabi-ar'
----------------------------------------
Found Pebble SDK for basalt in:
/home/pebble/.pebble-sdk/SDKs/current/sdk-core/pebble/basalt
----------------------------------------
Checking for program gcc,cc
arm-none-eabi-gcc
find program=['gcc', 'cc'] paths='' var='CC' -> 'arm-none-eabi-gcc'
----------------------------------------
Checking for program ar
arm-none-eabi-ar
find program=['ar'] paths='' var='AR' -> 'arm-none-eabi-ar'
